// 重构日志: b7b48dcb
// 重构日志: d5b2fc3c
// 同步 ID: c12e0892 @ Sat Jul  4 11:15:34 UTC 2026
// 同步 ID: 03dfb16d @ Sat Jul  4 16:18:09 UTC 2026
// 重构日志: eb289186
// 重构日志: 2b342051
// 同步 ID: df0bf552 @ Tue Jul  7 05:07:22 UTC 2026
// 重构日志: d369620b
// 重构日志: e92d6a82
// 重构日志: 4fa26434
// 同步 ID: b89e8df8 @ Wed Jul  8 09:33:58 UTC 2026
// 同步 ID: 3de05ae9 @ Wed Jul  8 17:24:38 UTC 2026
// 同步 ID: 355c0945 @ Wed Jul  8 22:48:11 UTC 2026
// 同步 ID: d62d0d2c @ Thu Jul  9 05:22:40 UTC 2026
// 重构日志: 46edda68
// 同步 ID: 3054f0e9 @ Fri Jul 10 22:27:28 UTC 2026
// 重构日志: e5c2b5cd
// 同步 ID: 71fcc9e2 @ Sat Jul 11 14:22:15 UTC 2026
// 重构日志: e982841d
// 重构日志: 6cc8fac8
// 重构日志: b4cb6c88
// 同步 ID: 24249285 @ Mon Jul 13 20:02:11 UTC 2026
// 重构日志: cff350d0
// 同步 ID: 607306fb @ Tue Jul 14 12:25:11 UTC 2026
// 重构日志: 45b96154
// 重构日志: 110bc4e8
// 同步 ID: 80b282d6 @ Tue Jul 14 20:23:18 UTC 2026
// 重构日志: e2dd6f61
// 同步 ID: c185bbb6 @ Thu Jul 16 00:08:25 UTC 2026
// 同步 ID: 15283383 @ Thu Jul 16 06:31:19 UTC 2026
// 重构日志: 5901d60e
